<?xml version="1.0" encoding="UTF-8"?>
<!-- Generated by org.testng.reporters.JUnitReportReporter -->
<testsuite hostname="Samsung" failures="0" tests="2" name="com.Test.GoogleTest" time="24.862" errors="0" timestamp="8 Aug 2021 16:03:09 GMT">
  <testcase classname="com.Test.GoogleTest" name="searchResults" time="12.709"/>
  <testcase classname="com.Test.GoogleTest" name="searchResults" time="12.153"/>
</testsuite> <!-- com.Test.GoogleTest -->
