<?xml version="1.0" encoding="UTF-8"?>
<!-- Generated by org.testng.reporters.JUnitReportReporter -->
<testsuite hostname="L52D2N13" name="com.MavenPOMParallelTest.TestCase2" tests="4" failures="0" timestamp="1 Jul 2021 07:17:53 GMT" time="38.231" errors="0">
  <testcase name="chromeDriverTest2TestCase2" time="9.506" classname="com.MavenPOMParallelTest.TestCase2"/>
  <testcase name="chromeDriverTest1TestCase2" time="8.891" classname="com.MavenPOMParallelTest.TestCase2"/>
  <testcase name="firefoxDriverTest2TestCase2" time="11.055" classname="com.MavenPOMParallelTest.TestCase2"/>
  <testcase name="firefoxDriverTest1TestCase2" time="8.779" classname="com.MavenPOMParallelTest.TestCase2"/>
</testsuite> <!-- com.MavenPOMParallelTest.TestCase2 -->
